<?xml version="1.0" encoding="UTF-8"?>
<!-- Generated by org.testng.reporters.JUnitReportReporter -->
<testsuite hostname="DESKTOP-FQ7RTQQ" failures="0" tests="1" name="test.TestDeleteCall" time="4.748" errors="0" timestamp="2022-02-08T14:36:23 IST" skipped="0">
  <testcase classname="test.TestDeleteCall" name="validateDeleteCall" time="4.748"/>
  <system-out/>
</testsuite> <!-- test.TestDeleteCall -->
