<?xml version="1.0" encoding="UTF-8"?>
<!-- Generated by org.testng.reporters.JUnitReportReporter -->
<testsuite hostname="DESKTOP-FQ7RTQQ" failures="0" tests="1" name="test.TestPostCall" time="5.039" errors="0" timestamp="2022-02-07T16:02:40 IST" skipped="0">
  <testcase classname="test.TestPostCall" name="validatePostCall" time="5.039"/>
  <system-out/>
</testsuite> <!-- test.TestPostCall -->
