<?xml version="1.0" encoding="UTF-8"?>
<!-- Generated by org.testng.reporters.JUnitReportReporter -->
<testsuite hostname="DESKTOP-FQ7RTQQ" failures="0" tests="2" name="test.RunGetAndPostCallForInternalServer" time="3.803" errors="0" timestamp="2022-02-08T23:34:58 IST" skipped="0">
  <testcase classname="test.RunGetAndPostCallForInternalServer" name="validateInternalServerPostCall" time="0.161"/>
  <system-out/>
  <testcase classname="test.RunGetAndPostCallForInternalServer" name="validateInternalServerGetCall" time="3.642"/>
  <system-out/>
</testsuite> <!-- test.RunGetAndPostCallForInternalServer -->
