<?xml version="1.0" encoding="UTF-8"?>
<!-- Generated by org.testng.reporters.JUnitReportReporter -->
<testsuite hostname="DESKTOP-FQ7RTQQ" failures="0" tests="1" name="test.FinalObjectForPOJO" time="1.160" errors="0" timestamp="2022-02-10T15:45:28 IST" skipped="0">
  <testcase classname="test.FinalObjectForPOJO" name="validatePojoStructure" time="1.160"/>
  <system-out/>
</testsuite> <!-- test.FinalObjectForPOJO -->
