<?xml version="1.0" encoding="UTF-8"?>
<!-- Generated by org.testng.reporters.JUnitReportReporter -->
<testsuite hostname="DESKTOP-FQ7RTQQ" failures="0" tests="1" name="test.RunGetAndDeleteCallForInternalServer" time="2.041" errors="0" timestamp="2022-02-08T23:35:18 IST" skipped="0">
  <testcase classname="test.RunGetAndDeleteCallForInternalServer" name="validateInternalServerPostCall" time="2.041"/>
  <system-out/>
</testsuite> <!-- test.RunGetAndDeleteCallForInternalServer -->
