<?xml version="1.0" encoding="UTF-8"?>
<!-- Generated by org.testng.reporters.JUnitReportReporter -->
<testsuite hostname="DESKTOP-FQ7RTQQ" failures="0" tests="1" name="test.TestGetCall" time="5.063" errors="0" timestamp="2022-02-07T15:06:13 IST" skipped="0">
  <testcase classname="test.TestGetCall" name="bddStyleTestCallForGet" time="5.063"/>
  <system-out/>
</testsuite> <!-- test.TestGetCall -->
