<?xml version="1.0" encoding="UTF-8"?>
<!-- Generated by org.testng.reporters.JUnitReportReporter -->
<testsuite hostname="DESKTOP-FQ7RTQQ" failures="0" tests="1" name="authTest.OAuth2PostAuthorization" time="5.446" errors="0" timestamp="2022-02-19T13:28:15 IST" skipped="0">
  <testcase classname="authTest.OAuth2PostAuthorization" name="getAuthToken" time="5.446"/>
  <system-out/>
</testsuite> <!-- authTest.OAuth2PostAuthorization -->
