<?xml version="1.0" encoding="UTF-8"?>
<!-- Generated by org.testng.reporters.JUnitReportReporter -->
<testsuite hostname="DESKTOP-FQ7RTQQ" failures="0" tests="1" name="test.TestPutCall" time="14.071" errors="0" timestamp="2022-02-07T19:09:05 IST" skipped="0">
  <testcase classname="test.TestPutCall" name="validatePostCall" time="14.071"/>
  <system-out/>
</testsuite> <!-- test.TestPutCall -->
