<?xml version="1.0" encoding="UTF-8"?>
<!-- Generated by org.testng.reporters.JUnitReportReporter -->
<testsuite hostname="DESKTOP-FQ7RTQQ" failures="0" tests="1" name="authTest.CheckGetCallWithXml" time="9.456" errors="0" timestamp="2022-02-15T12:08:05 IST" skipped="0">
  <testcase classname="authTest.CheckGetCallWithXml" name="checkGetCallForXML" time="9.456"/>
  <system-out/>
</testsuite> <!-- authTest.CheckGetCallWithXml -->
