<?xml version="1.0" encoding="UTF-8"?>
<!-- Generated by org.testng.reporters.JUnitReportReporter -->
<testsuite hostname="DESKTOP-FQ7RTQQ" failures="0" tests="1" name="test.UpoadJsonFile" time="6.736" errors="0" timestamp="2022-02-10T22:10:02 IST" skipped="0">
  <testcase classname="test.UpoadJsonFile" name="uploadJsonFileForPostCall" time="6.736"/>
  <system-out/>
</testsuite> <!-- test.UpoadJsonFile -->
